[0m[[0m[0mdebug[0m] [0m[0m> Exec(test, Some(0484c9da-3a84-4035-b3d1-f1948ef64aa9), Some(CommandSource(console0)))[0m
[0m[[0m[0mdebug[0m] [0m[0mEvaluating tasks: Test / test[0m
[0m[[0m[0mdebug[0m] [0m[0mRunning task... Cancel: Signal, check cycles: false, forcegc: true[0m
[0m[[0m[0mdebug[0m] [0m[0mExporting web-assets:play-server[0m
[0m[[0m[0mdebug[0m] [0m[0mExporting web-assets-test:play-server[0m
[0m[[0m[0minfo[0m] [0m[0mcompiling 1 Scala source to /users/bmalik/github/webapps/webapps-s21-play-messageboard/server/target/scala-2.13/test-classes ...[0m
[0m[[0m[0minfo[0m] [0m[0m[32mControllerSpec:[0m[0m
[0m[[0m[0minfo[0m] [0m[0m[32mApplicationInMemoryModelTest:[0m[0m
[0m[[0m[0minfo[0m] [0m[0m[32mApplicationInMemoryModel[0m[0m
[0m[[0m[0minfo[0m] [0m[0m[32m- must do valid login for default user[0m[0m
[0m[[0m[0minfo[0m] [0m[0m[32m- must reject bad user[0m[0m
[0m[[0m[0minfo[0m] [0m[0m[32m- must reject bad password[0m[0m
[0m[[0m[0minfo[0m] [0m[0m[32m- must reject bad user and password[0m[0m
[0m[[0m[0minfo[0m] [0m[0m[32m- must create new user with no tasks[0m[0m
[0m[[0m[0minfo[0m] [0m[0m[32m- must reject create existing user[0m[0m
[0m[[0m[0minfo[0m] [0m[0m[32m- must get correct mssages[0m[0m
[0m[[0m[0minfo[0m] [0m[0m[32m- must add new message for existing user[0m[0m
[0m[[0m[0minfo[0m] [0m[0m[32m- must remove message for existing user[0m[0m
[0m[[0m[0minfo[0m] [0m[0m[32mApplication[0m[0m
[0m[[0m[0minfo[0m] [0m[0m[32m- must login to page successfully[0m[0m
[0m[[0m[0minfo[0m] [0m[0m[32m- must login to page unsuccessfully[0m[0m
[0m[[0m[0minfo[0m] [0m[0m[32m- must create new user successfully[0m[0m
[0m[[0m[0minfo[0m] [0m[0m[32m- must create new user unsuccessfully[0m[0m
[0m[[0m[0minfo[0m] [0m[0mScalaTest[0m
[0m[[0m[0minfo[0m] [0m[0m[36mRun completed in 8 seconds, 221 milliseconds.[0m[0m
[0m[[0m[0minfo[0m] [0m[0m[36mTotal number of tests run: 13[0m[0m
[0m[[0m[0minfo[0m] [0m[0m[36mSuites: completed 2, aborted 0[0m[0m
[0m[[0m[0minfo[0m] [0m[0m[36mTests: succeeded 13, failed 0, canceled 0, ignored 0, pending 0[0m[0m
[0m[[0m[0minfo[0m] [0m[0m[32mAll tests passed.[0m[0m
[0m[[0m[0minfo[0m] [0m[0mPassed: Total 13, Failed 0, Errors 0, Passed 13[0m
[0m[[0m[0mdebug[0m] [0m[0mGlobal IR cache stats: reused: 21 -- invalidated: 0 -- trees read: 0[0m
[0m[[0m[32msuccess[0m] [0m[0mTotal time: 12 s, completed Mar 25, 2021, 2:53:52 PM[0m
[0m[[0m[0mdebug[0m] [0m[0m> Exec(shell, None, None)[0m
[0m[[0m[0mdebug[0m] [0m[0mForcing garbage collection...[0m
[0m[[0m[0minfo[0m] [0m[0mshutting down sbt server[0m
