[0m[[0m[0mdebug[0m] [0m[0m> Exec(run, Some(731ca6fa-a1dd-49f7-86e4-f77b457daca5), Some(CommandSource(console0)))[0m
[0m[[0m[0mdebug[0m] [0m[0mEvaluating tasks: Compile / run[0m
[0m[[0m[0mdebug[0m] [0m[0mRunning task... Cancel: bloop.integrations.sbt.Offloader$$anon$1@2220910, check cycles: false, forcegc: true[0m
[0m[[0m[33mwarn[0m] [0m[0mjackson-core-2.10.5.jar no longer exists at /users/bmalik/.cache/coursier/v1/https/repo1.maven.org/maven2/com/fasterxml/jackson/core/jackson-core/2.10.5/jackson-core-2.10.5.jar[0m
[0m[[0m[0minfo[0m] [0m[0mUpdating [0m
[0m[[0m[0minfo[0m] [0m[0mResolved  dependencies[0m
[0m[[0m[0minfo[0m] [0m[0mFetching artifacts of [0m
[0m[[0m[0minfo[0m] [0m[0mFetched artifacts of [0m
[0m[[0m[0minfo[0m] [0m[0mUpdating [0m
[0m[[0m[0minfo[0m] [0m[0mResolved  dependencies[0m
[0m[[0m[0minfo[0m] [0m[0mFetching artifacts of [0m
[0m[[0m[0minfo[0m] [0m[0mFetched artifacts of [0m
[0m[[0m[33mwarn[0m] [0m[0mThere may be incompatibilities among your library dependencies; run 'evicted' to see detailed eviction warnings.[0m
[0m[[0m[0mdebug[0m] [0m[0mRunning task... Cancel: bloop.integrations.sbt.Offloader$$anon$1@6208923b, check cycles: false, forcegc: true[0m
[0m[[0m[0minfo[0m] [0m[0mcompiling 2 Scala sources to /users/bmalik/github/webapps/webapps-s21-play-messageboard/client/target/scala-2.13/classes ...[0m
[0m[[0m[0minfo[0m] [0m[0mcompiling 5 Scala sources to /users/bmalik/github/webapps/webapps-s21-play-messageboard/server/target/scala-2.13/classes ...[0m
[0m[[0m[33mwarn[0m] [0m[0m/users/bmalik/github/webapps/webapps-s21-play-messageboard/server/app/models/Tables.scala:4:23: early initializers are deprecated; they will be replaced by trait parameters in 3.0, see the migration guide on avoiding var/val in traits.[0m
[0m[[0m[33mwarn[0m] [0m[0mobject Tables extends {[0m
[0m[[0m[33mwarn[0m] [0m[0m                      ^[0m
[0m[[0m[33mwarn[0m] [0m[0m/users/bmalik/github/webapps/webapps-s21-play-messageboard/server/app/controllers/Messageboarddb.scala:20:47: type JdbcProfile in package driver is deprecated (since 3.2): Use type `slick.jdbc.JdbcProfile` instead of `slick.driver.JdbcProfile`[0m
[0m[[0m[33mwarn[0m] [0m[0m  extends MessagesAbstractController(cc) with HasDatabaseConfigProvider[JdbcProfile] { [0m
[0m[[0m[33mwarn[0m] [0m[0m                                              ^[0m
[0m[[0m[33mwarn[0m] [0m[0mtwo warnings found[0m
[0m[[0m[0minfo[0m] [0m[0mcompiling 1 Scala source to /users/bmalik/github/webapps/webapps-s21-play-messageboard/server/target/scala-2.13/classes ...[0m
[0m[[0m[0mdebug[0m] [0m[0mGlobal IR cache stats: reused: 0 -- invalidated: 18 -- trees read: 0[0m
[0m[[0m[31merror[0m] [0m[0mMultiple main classes (scalajs.CanvasGame, scalajs.ScalaJSExample) were found. You can explicitly specify the one you want with `mainClass := Some(...)` or with `scalaJSMainModuleInitializer := Some(...)`[0m
[0m[[0m[31merror[0m] [0m[0m(client / Compile / [31mscalaJSModuleInitializers[0m) Multiple main classes (scalajs.CanvasGame, scalajs.ScalaJSExample) were found. You can explicitly specify the one you want with `mainClass := Some(...)` or with `scalaJSMainModuleInitializer := Some(...)`[0m
[0m[[0m[0mdebug[0m] [0m[0mRunning task... Cancel: bloop.integrations.sbt.Offloader$$anon$1@7b868f5d, check cycles: false, forcegc: true[0m
[0m[[0m[0mdebug[0m] [0m[0mGlobal IR cache stats: reused: 0 -- invalidated: 0 -- trees read: 0[0m
[0m[[0m[0mdebug[0m] [0m[0mRunning task... Cancel: bloop.integrations.sbt.Offloader$$anon$1@310bf83c, check cycles: false, forcegc: true[0m
[0m[[0m[0minfo[0m] [0m[0mcompiling 1 Scala source to /users/bmalik/github/webapps/webapps-s21-play-messageboard/client/target/scala-2.13/classes ...[0m
[0m[[0m[0minfo[0m] [0m[0mFast optimizing /users/bmalik/github/webapps/webapps-s21-play-messageboard/client/target/scala-2.13/play-client-fastopt[0m
[0m[[0m[0minfo[0m] [0m[0mcompiling 5 Scala sources to /users/bmalik/github/webapps/webapps-s21-play-messageboard/server/target/scala-2.13/classes ...[0m
[0m[[0m[33mwarn[0m] [0m[0m/users/bmalik/github/webapps/webapps-s21-play-messageboard/server/app/models/Tables.scala:4:23: early initializers are deprecated; they will be replaced by trait parameters in 3.0, see the migration guide on avoiding var/val in traits.[0m
[0m[[0m[33mwarn[0m] [0m[0mobject Tables extends {[0m
[0m[[0m[33mwarn[0m] [0m[0m                      ^[0m
[0m[[0m[33mwarn[0m] [0m[0m/users/bmalik/github/webapps/webapps-s21-play-messageboard/server/app/controllers/Messageboarddb.scala:20:47: type JdbcProfile in package driver is deprecated (since 3.2): Use type `slick.jdbc.JdbcProfile` instead of `slick.driver.JdbcProfile`[0m
[0m[[0m[33mwarn[0m] [0m[0m  extends MessagesAbstractController(cc) with HasDatabaseConfigProvider[JdbcProfile] { [0m
[0m[[0m[33mwarn[0m] [0m[0m                                              ^[0m
[0m[[0m[33mwarn[0m] [0m[0mtwo warnings found[0m
[0m[[0m[0minfo[0m] [0m[0mcompiling 1 Scala source to /users/bmalik/github/webapps/webapps-s21-play-messageboard/server/target/scala-2.13/classes ...[0m
[0m[[0m[0mdebug[0m] [0m[0mGlobal IR cache stats: reused: 14 -- invalidated: 2 -- trees read: 220[0m
[0m[[0m[0mdebug[0m] [0m[0mRunning task... Cancel: bloop.integrations.sbt.Offloader$$anon$1@ddd6063, check cycles: false, forcegc: true[0m
[0m[[0m[0mdebug[0m] [0m[0mExporting web-assets:play-server[0m
[0m[[0m[0mdebug[0m] [0m[0mGlobal IR cache stats: reused: 16 -- invalidated: 0 -- trees read: 0[0m
[0m[[0m[0mdebug[0m] [0m[0mRunning task... Cancel: bloop.integrations.sbt.Offloader$$anon$1@69cefcc9, check cycles: false, forcegc: true[0m
[0m[[0m[0mdebug[0m] [0m[0mGlobal IR cache stats: reused: 0 -- invalidated: 0 -- trees read: 0[0m
[0m[[0m[0mdebug[0m] [0m[0mRunning task... Cancel: bloop.integrations.sbt.Offloader$$anon$1@3672d782, check cycles: false, forcegc: true[0m
[0m[[0m[0minfo[0m] [0m[0mcompiling 1 Scala source to /users/bmalik/github/webapps/webapps-s21-play-messageboard/server/target/scala-2.13/classes ...[0m
[0m[[0m[0mdebug[0m] [0m[0mGlobal IR cache stats: reused: 16 -- invalidated: 0 -- trees read: 0[0m
[0m[[0m[0mdebug[0m] [0m[0mRunning task... Cancel: bloop.integrations.sbt.Offloader$$anon$1@1b9116d9, check cycles: false, forcegc: true[0m
[0m[[0m[0mdebug[0m] [0m[0mExporting web-assets:play-server[0m
[0m[[0m[0mdebug[0m] [0m[0mGlobal IR cache stats: reused: 16 -- invalidated: 0 -- trees read: 0[0m
[0m[[0m[0mdebug[0m] [0m[0mRunning task... Cancel: bloop.integrations.sbt.Offloader$$anon$1@4b740132, check cycles: false, forcegc: true[0m
[0m[[0m[0mdebug[0m] [0m[0mGlobal IR cache stats: reused: 0 -- invalidated: 0 -- trees read: 0[0m
[0m[[0m[0mdebug[0m] [0m[0mRunning task... Cancel: bloop.integrations.sbt.Offloader$$anon$1@54e68501, check cycles: false, forcegc: true[0m
[0m[[0m[0minfo[0m] [0m[0mcompiling 1 Scala source to /users/bmalik/github/webapps/webapps-s21-play-messageboard/client/target/scala-2.13/classes ...[0m
[0m[[0m[0minfo[0m] [0m[0mFast optimizing /users/bmalik/github/webapps/webapps-s21-play-messageboard/client/target/scala-2.13/play-client-fastopt[0m
[0m[[0m[31merror[0m] [0m[0m[Error] /users/bmalik/github/webapps/webapps-s21-play-messageboard/server/app/views/scalajscanvas.scala.html:11[0m
[0m[[0m[31merror[0m] [0m[0m</body>: Expected '}' but found 'EOF'[0m
[0m[[0m[0mdebug[0m] [0m[0mGlobal IR cache stats: reused: 14 -- invalidated: 2 -- trees read: 23[0m
[0m[[0m[31merror[0m] [0m[0m(Compile / [31mtwirlCompileTemplates[0m) Twirl compilation failed[0m
[0m[[0m[0mdebug[0m] [0m[0mRunning task... Cancel: bloop.integrations.sbt.Offloader$$anon$1@5b0127eb, check cycles: false, forcegc: true[0m
[0m[[0m[0mdebug[0m] [0m[0mGlobal IR cache stats: reused: 0 -- invalidated: 0 -- trees read: 0[0m
[0m[[0m[0mdebug[0m] [0m[0mRunning task... Cancel: bloop.integrations.sbt.Offloader$$anon$1@55bfef60, check cycles: false, forcegc: true[0m
[0m[[0m[0minfo[0m] [0m[0mcompiling 6 Scala sources and 1 Java source to /users/bmalik/github/webapps/webapps-s21-play-messageboard/server/target/scala-2.13/classes ...[0m
[0m[[0m[31merror[0m] [0m[0m/users/bmalik/github/webapps/webapps-s21-play-messageboard/server/app/controllers/Application.scala:144:19: object scalajsCanvas is not a member of package views.html[0m
[0m[[0m[31merror[0m] [0m[0mdid you mean scalajscanvas?[0m
[0m[[0m[31merror[0m] [0m[0m    Ok(views.html.scalajsCanvas())[0m
[0m[[0m[31merror[0m] [0m[0m                  ^[0m
[0m[[0m[33mwarn[0m] [0m[0m/users/bmalik/github/webapps/webapps-s21-play-messageboard/server/app/controllers/Application.scala:46:19: Auto-application to `()` is deprecated. Supply the empty argument list `()` explicitly to invoke method bindFromRequest,[0m
[0m[[0m[33mwarn[0m] [0m[0mor remove the empty argument list from its definition (Java-defined methods are exempt).[0m
[0m[[0m[33mwarn[0m] [0m[0mIn Scala 3, an unapplied method like this will be eta-expanded into a function.[0m
[0m[[0m[33mwarn[0m] [0m[0m        loginForm.bindFromRequest.fold([0m
[0m[[0m[33mwarn[0m] [0m[0m                  ^[0m
[0m[[0m[33mwarn[0m] [0m[0m/users/bmalik/github/webapps/webapps-s21-play-messageboard/server/app/controllers/Application.scala:70:15: Auto-application to `()` is deprecated. Supply the empty argument list `()` explicitly to invoke method bindFromRequest,[0m
[0m[[0m[33mwarn[0m] [0m[0mor remove the empty argument list from its definition (Java-defined methods are exempt).[0m
[0m[[0m[33mwarn[0m] [0m[0mIn Scala 3, an unapplied method like this will be eta-expanded into a function.[0m
[0m[[0m[33mwarn[0m] [0m[0m    loginForm.bindFromRequest.fold([0m
[0m[[0m[33mwarn[0m] [0m[0m              ^[0m
[0m[[0m[33mwarn[0m] [0m[0mtwo warnings found[0m
[0m[[0m[31merror[0m] [0m[0mone error found[0m
[0m[[0m[0mdebug[0m] [0m[0mGlobal IR cache stats: reused: 16 -- invalidated: 0 -- trees read: 0[0m
[0m[[0m[31merror[0m] [0m[0m(Compile / [31mcompileIncremental[0m) Compilation failed[0m
[0m[[0m[0mdebug[0m] [0m[0mRunning task... Cancel: bloop.integrations.sbt.Offloader$$anon$1@b88af87, check cycles: false, forcegc: true[0m
[0m[[0m[0mdebug[0m] [0m[0mGlobal IR cache stats: reused: 0 -- invalidated: 0 -- trees read: 0[0m
[0m[[0m[0mdebug[0m] [0m[0mRunning task... Cancel: bloop.integrations.sbt.Offloader$$anon$1@3250b701, check cycles: false, forcegc: true[0m
[0m[[0m[0minfo[0m] [0m[0mcompiling 6 Scala sources and 1 Java source to /users/bmalik/github/webapps/webapps-s21-play-messageboard/server/target/scala-2.13/classes ...[0m
[0m[[0m[33mwarn[0m] [0m[0m/users/bmalik/github/webapps/webapps-s21-play-messageboard/server/app/controllers/Application.scala:46:19: Auto-application to `()` is deprecated. Supply the empty argument list `()` explicitly to invoke method bindFromRequest,[0m
[0m[[0m[33mwarn[0m] [0m[0mor remove the empty argument list from its definition (Java-defined methods are exempt).[0m
[0m[[0m[33mwarn[0m] [0m[0mIn Scala 3, an unapplied method like this will be eta-expanded into a function.[0m
[0m[[0m[33mwarn[0m] [0m[0m        loginForm.bindFromRequest.fold([0m
[0m[[0m[33mwarn[0m] [0m[0m                  ^[0m
[0m[[0m[33mwarn[0m] [0m[0m/users/bmalik/github/webapps/webapps-s21-play-messageboard/server/app/controllers/Application.scala:70:15: Auto-application to `()` is deprecated. Supply the empty argument list `()` explicitly to invoke method bindFromRequest,[0m
[0m[[0m[33mwarn[0m] [0m[0mor remove the empty argument list from its definition (Java-defined methods are exempt).[0m
[0m[[0m[33mwarn[0m] [0m[0mIn Scala 3, an unapplied method like this will be eta-expanded into a function.[0m
[0m[[0m[33mwarn[0m] [0m[0m    loginForm.bindFromRequest.fold([0m
[0m[[0m[33mwarn[0m] [0m[0m              ^[0m
[0m[[0m[33mwarn[0m] [0m[0mtwo warnings found[0m
[0m[[0m[0minfo[0m] [0m[0mcompiling 14 Scala sources to /users/bmalik/github/webapps/webapps-s21-play-messageboard/server/target/scala-2.13/classes ...[0m
[0m[[0m[33mwarn[0m] [0m[0m/users/bmalik/github/webapps/webapps-s21-play-messageboard/server/app/controllers/Application.scala:46:19: Auto-application to `()` is deprecated. Supply the empty argument list `()` explicitly to invoke method bindFromRequest,[0m
[0m[[0m[33mwarn[0m] [0m[0mor remove the empty argument list from its definition (Java-defined methods are exempt).[0m
[0m[[0m[33mwarn[0m] [0m[0mIn Scala 3, an unapplied method like this will be eta-expanded into a function.[0m
[0m[[0m[33mwarn[0m] [0m[0m        loginForm.bindFromRequest.fold([0m
[0m[[0m[33mwarn[0m] [0m[0m                  ^[0m
[0m[[0m[33mwarn[0m] [0m[0m/users/bmalik/github/webapps/webapps-s21-play-messageboard/server/app/controllers/Application.scala:70:15: Auto-application to `()` is deprecated. Supply the empty argument list `()` explicitly to invoke method bindFromRequest,[0m
[0m[[0m[33mwarn[0m] [0m[0mor remove the empty argument list from its definition (Java-defined methods are exempt).[0m
[0m[[0m[33mwarn[0m] [0m[0mIn Scala 3, an unapplied method like this will be eta-expanded into a function.[0m
[0m[[0m[33mwarn[0m] [0m[0m    loginForm.bindFromRequest.fold([0m
[0m[[0m[33mwarn[0m] [0m[0m              ^[0m
[0m[[0m[33mwarn[0m] [0m[0m/users/bmalik/github/webapps/webapps-s21-play-messageboard/server/app/controllers/Messageboard.scala:21:39: Auto-application to `()` is deprecated. Supply the empty argument list `()` explicitly to invoke method apply,[0m
[0m[[0m[33mwarn[0m] [0m[0mor remove the empty argument list from its definition (Java-defined methods are exempt).[0m
[0m[[0m[33mwarn[0m] [0m[0mIn Scala 3, an unapplied method like this will be eta-expanded into a function.[0m
[0m[[0m[33mwarn[0m] [0m[0m    val manager = system.actorOf(Props[MessageManager], "MessageManager")[0m
[0m[[0m[33mwarn[0m] [0m[0m                                      ^[0m
[0m[[0m[33mwarn[0m] [0m[0m/users/bmalik/github/webapps/webapps-s21-play-messageboard/server/app/controllers/Messageboarddb.scala:20:47: type JdbcProfile in package driver is deprecated (since 3.2): Use type `slick.jdbc.JdbcProfile` instead of `slick.driver.JdbcProfile`[0m
[0m[[0m[33mwarn[0m] [0m[0m  extends MessagesAbstractController(cc) with HasDatabaseConfigProvider[JdbcProfile] { [0m
[0m[[0m[33mwarn[0m] [0m[0m                                              ^[0m
[0m[[0m[33mwarn[0m] [0m[0mfour warnings found[0m
[0m[[0m[0mdebug[0m] [0m[0mGlobal IR cache stats: reused: 16 -- invalidated: 0 -- trees read: 0[0m
[0m[[0m[0mdebug[0m] [0m[0mRunning task... Cancel: bloop.integrations.sbt.Offloader$$anon$1@23ae05cb, check cycles: false, forcegc: true[0m
[0m[[0m[0mdebug[0m] [0m[0mExporting web-assets:play-server[0m
[0m[[0m[0mdebug[0m] [0m[0mGlobal IR cache stats: reused: 16 -- invalidated: 0 -- trees read: 0[0m
[0m[[0m[0mdebug[0m] [0m[0mRunning task... Cancel: bloop.integrations.sbt.Offloader$$anon$1@407f5f78, check cycles: false, forcegc: true[0m
[0m[[0m[0mdebug[0m] [0m[0mGlobal IR cache stats: reused: 0 -- invalidated: 0 -- trees read: 0[0m
[0m[[0m[0mdebug[0m] [0m[0mRunning task... Cancel: bloop.integrations.sbt.Offloader$$anon$1@19b280c1, check cycles: false, forcegc: true[0m
[0m[[0m[0minfo[0m] [0m[0mcompiling 1 Scala source to /users/bmalik/github/webapps/webapps-s21-play-messageboard/server/target/scala-2.13/classes ...[0m
[0m[[0m[0mdebug[0m] [0m[0mGlobal IR cache stats: reused: 16 -- invalidated: 0 -- trees read: 0[0m
[0m[[0m[0mdebug[0m] [0m[0mRunning task... Cancel: bloop.integrations.sbt.Offloader$$anon$1@406fc795, check cycles: false, forcegc: true[0m
[0m[[0m[0mdebug[0m] [0m[0mExporting web-assets:play-server[0m
[0m[[0m[0mdebug[0m] [0m[0mGlobal IR cache stats: reused: 16 -- invalidated: 0 -- trees read: 0[0m
[0m[[0m[0mdebug[0m] [0m[0mRunning task... Cancel: bloop.integrations.sbt.Offloader$$anon$1@1824f270, check cycles: false, forcegc: true[0m
[0m[[0m[0mdebug[0m] [0m[0mGlobal IR cache stats: reused: 0 -- invalidated: 0 -- trees read: 0[0m
[0m[[0m[0mdebug[0m] [0m[0mRunning task... Cancel: bloop.integrations.sbt.Offloader$$anon$1@773c90cf, check cycles: false, forcegc: true[0m
[0m[[0m[0minfo[0m] [0m[0mcompiling 1 Scala source to /users/bmalik/github/webapps/webapps-s21-play-messageboard/server/target/scala-2.13/classes ...[0m
[0m[[0m[0mdebug[0m] [0m[0mGlobal IR cache stats: reused: 16 -- invalidated: 0 -- trees read: 0[0m
[0m[[0m[0mdebug[0m] [0m[0mRunning task... Cancel: bloop.integrations.sbt.Offloader$$anon$1@7ee0982d, check cycles: false, forcegc: true[0m
[0m[[0m[0mdebug[0m] [0m[0mExporting web-assets:play-server[0m
[0m[[0m[0mdebug[0m] [0m[0mGlobal IR cache stats: reused: 16 -- invalidated: 0 -- trees read: 0[0m
[0m[[0m[0mdebug[0m] [0m[0mRunning task... Cancel: bloop.integrations.sbt.Offloader$$anon$1@66e949ef, check cycles: false, forcegc: true[0m
[0m[[0m[0mdebug[0m] [0m[0mGlobal IR cache stats: reused: 0 -- invalidated: 0 -- trees read: 0[0m
[0m[[0m[0mdebug[0m] [0m[0mRunning task... Cancel: bloop.integrations.sbt.Offloader$$anon$1@26be7126, check cycles: false, forcegc: true[0m
[0m[[0m[0minfo[0m] [0m[0mcompiling 1 Scala source to /users/bmalik/github/webapps/webapps-s21-play-messageboard/client/target/scala-2.13/classes ...[0m
[0m[[0m[0minfo[0m] [0m[0mFast optimizing /users/bmalik/github/webapps/webapps-s21-play-messageboard/client/target/scala-2.13/play-client-fastopt[0m
[0m[[0m[0mdebug[0m] [0m[0mGlobal IR cache stats: reused: 14 -- invalidated: 2 -- trees read: 2[0m
[0m[[0m[0mdebug[0m] [0m[0mForcing garbage collection...[0m
[0m[[0m[0mdebug[0m] [0m[0mRunning task... Cancel: bloop.integrations.sbt.Offloader$$anon$1@44672df4, check cycles: false, forcegc: true[0m
[0m[[0m[0mdebug[0m] [0m[0mExporting web-assets:play-server[0m
[0m[[0m[0mdebug[0m] [0m[0mGlobal IR cache stats: reused: 16 -- invalidated: 0 -- trees read: 0[0m
[0m[[0m[0mdebug[0m] [0m[0mRunning task... Cancel: bloop.integrations.sbt.Offloader$$anon$1@5b0522e6, check cycles: false, forcegc: true[0m
[0m[[0m[0mdebug[0m] [0m[0mGlobal IR cache stats: reused: 0 -- invalidated: 0 -- trees read: 0[0m
[0m[[0m[0mdebug[0m] [0m[0mRunning task... Cancel: bloop.integrations.sbt.Offloader$$anon$1@49afac64, check cycles: false, forcegc: true[0m
[0m[[0m[0minfo[0m] [0m[0mcompiling 1 Scala source to /users/bmalik/github/webapps/webapps-s21-play-messageboard/client/target/scala-2.13/classes ...[0m
[0m[[0m[0minfo[0m] [0m[0mFast optimizing /users/bmalik/github/webapps/webapps-s21-play-messageboard/client/target/scala-2.13/play-client-fastopt[0m
[0m[[0m[0minfo[0m] [0m[0mcompiling 1 Scala source to /users/bmalik/github/webapps/webapps-s21-play-messageboard/server/target/scala-2.13/classes ...[0m
[0m[[0m[0mdebug[0m] [0m[0mGlobal IR cache stats: reused: 14 -- invalidated: 2 -- trees read: 2[0m
[0m[[0m[0mdebug[0m] [0m[0mForcing garbage collection...[0m
[0m[[0m[0mdebug[0m] [0m[0mRunning task... Cancel: bloop.integrations.sbt.Offloader$$anon$1@2b41d186, check cycles: false, forcegc: true[0m
[0m[[0m[0mdebug[0m] [0m[0mExporting web-assets:play-server[0m
[0m[[0m[0mdebug[0m] [0m[0mGlobal IR cache stats: reused: 16 -- invalidated: 0 -- trees read: 0[0m
[0m[[0m[0mdebug[0m] [0m[0mRunning task... Cancel: bloop.integrations.sbt.Offloader$$anon$1@19905eda, check cycles: false, forcegc: true[0m
[0m[[0m[0mdebug[0m] [0m[0mGlobal IR cache stats: reused: 0 -- invalidated: 0 -- trees read: 0[0m
[0m[[0m[0mdebug[0m] [0m[0mRunning task... Cancel: bloop.integrations.sbt.Offloader$$anon$1@68e9cedc, check cycles: false, forcegc: true[0m
[0m[[0m[0minfo[0m] [0m[0mcompiling 1 Scala source to /users/bmalik/github/webapps/webapps-s21-play-messageboard/server/target/scala-2.13/classes ...[0m
[0m[[0m[0mdebug[0m] [0m[0mGlobal IR cache stats: reused: 16 -- invalidated: 0 -- trees read: 0[0m
[0m[[0m[0mdebug[0m] [0m[0mRunning task... Cancel: bloop.integrations.sbt.Offloader$$anon$1@2ac621c, check cycles: false, forcegc: true[0m
[0m[[0m[0mdebug[0m] [0m[0mExporting web-assets:play-server[0m
[0m[[0m[0mdebug[0m] [0m[0mGlobal IR cache stats: reused: 16 -- invalidated: 0 -- trees read: 0[0m
[0m[[0m[0mdebug[0m] [0m[0mRunning task... Cancel: bloop.integrations.sbt.Offloader$$anon$1@18a9c20d, check cycles: false, forcegc: true[0m
[0m[[0m[0mdebug[0m] [0m[0mGlobal IR cache stats: reused: 0 -- invalidated: 0 -- trees read: 0[0m
[0m[[0m[0mdebug[0m] [0m[0mRunning task... Cancel: bloop.integrations.sbt.Offloader$$anon$1@1dc53632, check cycles: false, forcegc: true[0m
[0m[[0m[0minfo[0m] [0m[0mcompiling 1 Scala source to /users/bmalik/github/webapps/webapps-s21-play-messageboard/client/target/scala-2.13/classes ...[0m
[0m[[0m[0minfo[0m] [0m[0mFast optimizing /users/bmalik/github/webapps/webapps-s21-play-messageboard/client/target/scala-2.13/play-client-fastopt[0m
[0m[[0m[0mdebug[0m] [0m[0mGlobal IR cache stats: reused: 14 -- invalidated: 2 -- trees read: 2[0m
[0m[[0m[0mdebug[0m] [0m[0mForcing garbage collection...[0m
[0m[[0m[0mdebug[0m] [0m[0mRunning task... Cancel: bloop.integrations.sbt.Offloader$$anon$1@6ff6b0e0, check cycles: false, forcegc: true[0m
[0m[[0m[0mdebug[0m] [0m[0mExporting web-assets:play-server[0m
[0m[[0m[0mdebug[0m] [0m[0mGlobal IR cache stats: reused: 16 -- invalidated: 0 -- trees read: 0[0m
[0m[[0m[0mdebug[0m] [0m[0mRunning task... Cancel: bloop.integrations.sbt.Offloader$$anon$1@68b48679, check cycles: false, forcegc: true[0m
[0m[[0m[0mdebug[0m] [0m[0mGlobal IR cache stats: reused: 0 -- invalidated: 0 -- trees read: 0[0m
[0m[[0m[0mdebug[0m] [0m[0mRunning task... Cancel: bloop.integrations.sbt.Offloader$$anon$1@6667bb04, check cycles: false, forcegc: true[0m
[0m[[0m[0minfo[0m] [0m[0mcompiling 1 Scala source to /users/bmalik/github/webapps/webapps-s21-play-messageboard/client/target/scala-2.13/classes ...[0m
[0m[[0m[0minfo[0m] [0m[0mFast optimizing /users/bmalik/github/webapps/webapps-s21-play-messageboard/client/target/scala-2.13/play-client-fastopt[0m
[0m[[0m[0minfo[0m] [0m[0mcompiling 1 Scala source to /users/bmalik/github/webapps/webapps-s21-play-messageboard/server/target/scala-2.13/classes ...[0m
[0m[[0m[0mdebug[0m] [0m[0mGlobal IR cache stats: reused: 14 -- invalidated: 2 -- trees read: 2[0m
[0m[[0m[0mdebug[0m] [0m[0mRunning task... Cancel: bloop.integrations.sbt.Offloader$$anon$1@747534e1, check cycles: false, forcegc: true[0m
[0m[[0m[0mdebug[0m] [0m[0mExporting web-assets:play-server[0m
[0m[[0m[0mdebug[0m] [0m[0mGlobal IR cache stats: reused: 16 -- invalidated: 0 -- trees read: 0[0m
[0m[[0m[0mdebug[0m] [0m[0mRunning task... Cancel: bloop.integrations.sbt.Offloader$$anon$1@e781157, check cycles: false, forcegc: true[0m
[0m[[0m[0mdebug[0m] [0m[0mGlobal IR cache stats: reused: 0 -- invalidated: 0 -- trees read: 0[0m
[0m[[0m[0mdebug[0m] [0m[0mGlobal IR cache stats: reused: 0 -- invalidated: 0 -- trees read: 0[0m
[0m[[0m[0mdebug[0m] [0m[0mForcing garbage collection...[0m
[0m[[0m[32msuccess[0m] [0m[0mTotal time: 6620 s (01:50:20), completed Apr 27, 2021, 12:02:52 PM[0m
[0m[[0m[0mdebug[0m] [0m[0m> Exec(shell, None, None)[0m
[0m[[0m[0mdebug[0m] [0m[0mForcing garbage collection...[0m
[0m[[0m[0minfo[0m] [0m[0mshutting down sbt server[0m
